<?xml version="1.0" encoding="UTF-8"?>
<!-- Generated by org.testng.reporters.JUnitXMLReporter -->
<testsuite hostname="DESKTOP-DA9MCF7" failures="0" tests="7" name="Default test" time="1.474" errors="0" timestamp="3 Sep 2021 16:34:03 GMT">
  <testcase classname="Demo.Automation.Tests.Tests" name="@BeforeMethod setup" time="0.0">
    <failure type="org.openqa.selenium.SessionNotCreatedException" message="session not created: This version of ChromeDriver only supports Chrome version 91
Current browser version is 93.0.4577.63 with binary path C:\Program Files (x86)\Google\Chrome\Application\chrome.exe
Build info: version: &amp;apos;3.141.59&amp;apos;, revision: &amp;apos;e82be7d358&amp;apos;, time: &amp;apos;2018-11-14T08:17:03&amp;apos;
System info: host: &amp;apos;DESKTOP-DA9MCF7&amp;apos;, ip: &amp;apos;192.168.0.105&amp;apos;, os.name: &amp;apos;Windows 10&amp;apos;, os.arch: &amp;apos;amd64&amp;apos;, os.version: &amp;apos;10.0&amp;apos;, java.version: &amp;apos;9.0.4&amp;apos;
Driver info: driver.version: ChromeDriver
remote stacktrace: Backtrace:
	Ordinal0 [0x00F63733+2504499]
	Ordinal0 [0x00EFC401+2081793]
	Ordinal0 [0x00E02628+1058344]
	Ordinal0 [0x00E2071A+1181466]
	Ordinal0 [0x00E1C58C+1164684]
	Ordinal0 [0x00E19DC3+1154499]
	Ordinal0 [0x00E49B82+1350530]
	Ordinal0 [0x00E497DA+1349594]
	Ordinal0 [0x00E45D4B+1334603]
	Ordinal0 [0x00E222B4+1188532]
	Ordinal0 [0x00E23149+1192265]
	GetHandleVerifier [0x010DFB8C+1512252]
	GetHandleVerifier [0x0118B0DF+2214031]
	GetHandleVerifier [0x00FE4BC3+484211]
	GetHandleVerifier [0x00FE3E69+480793]
	Ordinal0 [0x00F0218D+2105741]
	Ordinal0 [0x00F066E8+2123496]
	Ordinal0 [0x00F06827+2123815]
	Ordinal0 [0x00F0FB73+2161523]
	BaseThreadInitThunk [0x76F8FA29+25]
	RtlGetAppContainerNamedObjectPath [0x77567A7E+286]
	RtlGetAppContainerNamedObjectPath [0x77567A4E+238]
">
      <![CDATA[org.openqa.selenium.SessionNotCreatedException: session not created: This version of ChromeDriver only supports Chrome version 91
Current browser version is 93.0.4577.63 with binary path C:\Program Files (x86)\Google\Chrome\Application\chrome.exe
Build info: version: '3.141.59', revision: 'e82be7d358', time: '2018-11-14T08:17:03'
System info: host: 'DESKTOP-DA9MCF7', ip: '192.168.0.105', os.name: 'Windows 10', os.arch: 'amd64', os.version: '10.0', java.version: '9.0.4'
Driver info: driver.version: ChromeDriver
remote stacktrace: Backtrace:
	Ordinal0 [0x00F63733+2504499]
	Ordinal0 [0x00EFC401+2081793]
	Ordinal0 [0x00E02628+1058344]
	Ordinal0 [0x00E2071A+1181466]
	Ordinal0 [0x00E1C58C+1164684]
	Ordinal0 [0x00E19DC3+1154499]
	Ordinal0 [0x00E49B82+1350530]
	Ordinal0 [0x00E497DA+1349594]
	Ordinal0 [0x00E45D4B+1334603]
	Ordinal0 [0x00E222B4+1188532]
	Ordinal0 [0x00E23149+1192265]
	GetHandleVerifier [0x010DFB8C+1512252]
	GetHandleVerifier [0x0118B0DF+2214031]
	GetHandleVerifier [0x00FE4BC3+484211]
	GetHandleVerifier [0x00FE3E69+480793]
	Ordinal0 [0x00F0218D+2105741]
	Ordinal0 [0x00F066E8+2123496]
	Ordinal0 [0x00F06827+2123815]
	Ordinal0 [0x00F0FB73+2161523]
	BaseThreadInitThunk [0x76F8FA29+25]
	RtlGetAppContainerNamedObjectPath [0x77567A7E+286]
	RtlGetAppContainerNamedObjectPath [0x77567A4E+238]

	at java.base/jdk.internal.reflect.NativeConstructorAccessorImpl.newInstance0(Native Method)
	at java.base/jdk.internal.reflect.NativeConstructorAccessorImpl.newInstance(Unknown Source)
	at java.base/jdk.internal.reflect.DelegatingConstructorAccessorImpl.newInstance(Unknown Source)
	at java.base/java.lang.reflect.Constructor.newInstance(Unknown Source)
	at org.openqa.selenium.remote.W3CHandshakeResponse.lambda$errorHandler$0(W3CHandshakeResponse.java:62)
	at org.openqa.selenium.remote.HandshakeResponse.lambda$getResponseFunction$0(HandshakeResponse.java:30)
	at org.openqa.selenium.remote.ProtocolHandshake.lambda$createSession$0(ProtocolHandshake.java:126)
	at java.base/java.util.stream.ReferencePipeline$3$1.accept(Unknown Source)
	at java.base/java.util.Spliterators$ArraySpliterator.tryAdvance(Unknown Source)
	at java.base/java.util.stream.ReferencePipeline.forEachWithCancel(Unknown Source)
	at java.base/java.util.stream.AbstractPipeline.copyIntoWithCancel(Unknown Source)
	at java.base/java.util.stream.AbstractPipeline.copyInto(Unknown Source)
	at java.base/java.util.stream.AbstractPipeline.wrapAndCopyInto(Unknown Source)
	at java.base/java.util.stream.FindOps$FindOp.evaluateSequential(Unknown Source)
	at java.base/java.util.stream.AbstractPipeline.evaluate(Unknown Source)
	at java.base/java.util.stream.ReferencePipeline.findFirst(Unknown Source)
	at org.openqa.selenium.remote.ProtocolHandshake.createSession(ProtocolHandshake.java:128)
	at org.openqa.selenium.remote.ProtocolHandshake.createSession(ProtocolHandshake.java:74)
	at org.openqa.selenium.remote.HttpCommandExecutor.execute(HttpCommandExecutor.java:136)
	at org.openqa.selenium.remote.service.DriverCommandExecutor.execute(DriverCommandExecutor.java:83)
	at org.openqa.selenium.remote.RemoteWebDriver.execute(RemoteWebDriver.java:552)
	at org.openqa.selenium.remote.RemoteWebDriver.startSession(RemoteWebDriver.java:213)
	at org.openqa.selenium.remote.RemoteWebDriver.<init>(RemoteWebDriver.java:131)
	at org.openqa.selenium.chrome.ChromeDriver.<init>(ChromeDriver.java:181)
	at org.openqa.selenium.chrome.ChromeDriver.<init>(ChromeDriver.java:168)
	at org.openqa.selenium.chrome.ChromeDriver.<init>(ChromeDriver.java:157)
	at Demo.Automation.Utilities.BrowserFactory.StartApp(BrowserFactory.java:48)
	at Demo.Automation.Pages.BasePage.setup(BasePage.java:72)
	at java.base/jdk.internal.reflect.NativeMethodAccessorImpl.invoke0(Native Method)
	at java.base/jdk.internal.reflect.NativeMethodAccessorImpl.invoke(Unknown Source)
	at java.base/jdk.internal.reflect.DelegatingMethodAccessorImpl.invoke(Unknown Source)
	at java.base/java.lang.reflect.Method.invoke(Unknown Source)
	at org.testng.internal.MethodInvocationHelper.invokeMethod(MethodInvocationHelper.java:80)
	at org.testng.internal.Invoker.invokeConfigurationMethod(Invoker.java:564)
	at org.testng.internal.Invoker.invokeConfigurations(Invoker.java:213)
	at org.testng.internal.Invoker.invokeMethod(Invoker.java:653)
	at org.testng.internal.Invoker.invokeTestMethod(Invoker.java:901)
	at org.testng.internal.Invoker.invokeTestMethods(Invoker.java:1231)
	at org.testng.internal.TestMethodWorker.invokeTestMethods(TestMethodWorker.java:127)
	at org.testng.internal.TestMethodWorker.run(TestMethodWorker.java:111)
	at org.testng.TestRunner.privateRun(TestRunner.java:767)
	at org.testng.TestRunner.run(TestRunner.java:617)
	at org.testng.SuiteRunner.runTest(SuiteRunner.java:334)
	at org.testng.SuiteRunner.runSequentially(SuiteRunner.java:329)
	at org.testng.SuiteRunner.privateRun(SuiteRunner.java:291)
	at org.testng.SuiteRunner.run(SuiteRunner.java:240)
	at org.testng.SuiteRunnerWorker.runSuite(SuiteRunnerWorker.java:52)
	at org.testng.SuiteRunnerWorker.run(SuiteRunnerWorker.java:86)
	at org.testng.TestNG.runSuitesSequentially(TestNG.java:1198)
	at org.testng.TestNG.runSuitesLocally(TestNG.java:1123)
	at org.testng.TestNG.run(TestNG.java:1031)
	at org.testng.remote.AbstractRemoteTestNG.run(AbstractRemoteTestNG.java:115)
	at org.testng.remote.RemoteTestNG.initAndRun(RemoteTestNG.java:251)
	at org.testng.remote.RemoteTestNG.main(RemoteTestNG.java:77)
]]>
    </failure>
  </testcase> <!-- @BeforeMethod setup -->
  <testcase classname="Demo.Automation.Tests.Tests" name="@AfterMethod tearDown" time="0.0">
    <skipped/>
  </testcase> <!-- @AfterMethod tearDown -->
  <testcase classname="Demo.Automation.Tests.Tests" name="@BeforeMethod setup" time="0.0">
    <skipped/>
  </testcase> <!-- @BeforeMethod setup -->
  <testcase classname="Demo.Automation.Tests.Tests" name="@AfterMethod tearDown" time="0.0">
    <skipped/>
  </testcase> <!-- @AfterMethod tearDown -->
  <testcase classname="Demo.Automation.Tests.Tests" name="@BeforeMethod setup" time="0.0">
    <skipped/>
  </testcase> <!-- @BeforeMethod setup -->
  <testcase classname="Demo.Automation.Tests.Tests" name="@AfterMethod tearDown" time="0.0">
    <skipped/>
  </testcase> <!-- @AfterMethod tearDown -->
  <testcase classname="Demo.Automation.Tests.Tests" name="@BeforeMethod setup" time="0.0">
    <skipped/>
  </testcase> <!-- @BeforeMethod setup -->
  <testcase classname="Demo.Automation.Tests.Tests" name="@AfterMethod tearDown" time="0.0">
    <skipped/>
  </testcase> <!-- @AfterMethod tearDown -->
  <testcase classname="Demo.Automation.Tests.Tests" name="@BeforeMethod setup" time="0.0">
    <skipped/>
  </testcase> <!-- @BeforeMethod setup -->
  <testcase classname="Demo.Automation.Tests.Tests" name="@AfterMethod tearDown" time="0.0">
    <skipped/>
  </testcase> <!-- @AfterMethod tearDown -->
  <testcase classname="Demo.Automation.Tests.Tests" name="@BeforeMethod setup" time="0.0">
    <skipped/>
  </testcase> <!-- @BeforeMethod setup -->
  <testcase classname="Demo.Automation.Tests.Tests" name="@AfterMethod tearDown" time="0.0">
    <skipped/>
  </testcase> <!-- @AfterMethod tearDown -->
  <testcase classname="Demo.Automation.Tests.Tests" name="@BeforeMethod setup" time="0.0">
    <skipped/>
  </testcase> <!-- @BeforeMethod setup -->
  <testcase classname="Demo.Automation.Tests.Tests" name="@AfterMethod tearDown" time="0.0">
    <skipped/>
  </testcase> <!-- @AfterMethod tearDown -->
  <testcase classname="Demo.Automation.Tests.Tests" name="Bad_credentials_login" time="0.001">
    <skipped/>
  </testcase> <!-- Bad_credentials_login -->
  <testcase classname="Demo.Automation.Tests.Tests" name="Empty_credentials_login" time="0.0">
    <skipped/>
  </testcase> <!-- Empty_credentials_login -->
  <testcase classname="Demo.Automation.Tests.Tests" name="Empty_email_login" time="0.001">
    <skipped/>
  </testcase> <!-- Empty_email_login -->
  <testcase classname="Demo.Automation.Tests.Tests" name="Empty_password_login" time="0.001">
    <skipped/>
  </testcase> <!-- Empty_password_login -->
  <testcase classname="Demo.Automation.Tests.Tests" name="Successful_Resetpassword" time="0.001">
    <skipped/>
  </testcase> <!-- Successful_Resetpassword -->
  <testcase classname="Demo.Automation.Tests.Tests" name="Successful_login" time="0.0">
    <skipped/>
  </testcase> <!-- Successful_login -->
  <testcase classname="Demo.Automation.Tests.Tests" name="Unsuccessful_Resetpassword" time="0.0">
    <skipped/>
  </testcase> <!-- Unsuccessful_Resetpassword -->
</testsuite> <!-- Default test -->
