<html>
<head>
<title>TestNG:  Default test</title>
<link href="../testng.css" rel="stylesheet" type="text/css" />
<link href="../my-testng.css" rel="stylesheet" type="text/css" />

<style type="text/css">
.log { display: none;} 
.stack-trace { display: none;} 
</style>
<script type="text/javascript">
<!--
function flip(e) {
  current = e.style.display;
  if (current == 'block') {
    e.style.display = 'none';
    return 0;
  }
  else {
    e.style.display = 'block';
    return 1;
  }
}

function toggleBox(szDivId, elem, msg1, msg2)
{
  var res = -1;  if (document.getElementById) {
    res = flip(document.getElementById(szDivId));
  }
  else if (document.all) {
    // this is the way old msie versions work
    res = flip(document.all[szDivId]);
  }
  if(elem) {
    if(res == 0) elem.innerHTML = msg1; else elem.innerHTML = msg2;
  }

}

function toggleAllBoxes() {
  if (document.getElementsByTagName) {
    d = document.getElementsByTagName('div');
    for (i = 0; i < d.length; i++) {
      if (d[i].className == 'log') {
        flip(d[i]);
      }
    }
  }
}

// -->
</script>

</head>
<body>
<h2 align='center'>Default test</h2><table border='1' align="center">
<tr>
<td>Tests passed/Failed/Skipped:</td><td>0/0/7</td>
</tr><tr>
<td>Started on:</td><td>Fri Sep 03 10:34:01 CST 2021</td>
</tr>
<tr><td>Total time:</td><td>1 seconds (1474 ms)</td>
</tr><tr>
<td>Included groups:</td><td></td>
</tr><tr>
<td>Excluded groups:</td><td></td>
</tr>
</table><p/>
<small><i>(Hover the method name to see the test class name)</i></small><p/>
<table width='100%' border='1' class='invocation-failed'>
<tr><td colspan='4' align='center'><b>FAILED CONFIGURATIONS</b></td></tr>
<tr><td><b>Test method</b></td>
<td width="30%"><b>Exception</b></td>
<td width="10%"><b>Time (seconds)</b></td>
<td><b>Instance</b></td>
</tr>
<tr>
<td title='Demo.Automation.Tests.Tests.setup()'><b>setup</b><br>Test class: Demo.Automation.Tests.Tests</td>
<td><div><pre>org.openqa.selenium.SessionNotCreatedException: session not created: This version of ChromeDriver only supports Chrome version 91
Current browser version is 93.0.4577.63 with binary path C:\Program Files (x86)\Google\Chrome\Application\chrome.exe
Build info: version: &apos;3.141.59&apos;, revision: &apos;e82be7d358&apos;, time: &apos;2018-11-14T08:17:03&apos;
System info: host: &apos;DESKTOP-DA9MCF7&apos;, ip: &apos;192.168.0.105&apos;, os.name: &apos;Windows 10&apos;, os.arch: &apos;amd64&apos;, os.version: &apos;10.0&apos;, java.version: &apos;9.0.4&apos;
Driver info: driver.version: ChromeDriver
remote stacktrace: Backtrace:
	Ordinal0 [0x00F63733+2504499]
	Ordinal0 [0x00EFC401+2081793]
	Ordinal0 [0x00E02628+1058344]
	Ordinal0 [0x00E2071A+1181466]
	Ordinal0 [0x00E1C58C+1164684]
	Ordinal0 [0x00E19DC3+1154499]
	Ordinal0 [0x00E49B82+1350530]
	Ordinal0 [0x00E497DA+1349594]
	Ordinal0 [0x00E45D4B+1334603]
	Ordinal0 [0x00E222B4+1188532]
	Ordinal0 [0x00E23149+1192265]
	GetHandleVerifier [0x010DFB8C+1512252]
	GetHandleVerifier [0x0118B0DF+2214031]
	GetHandleVerifier [0x00FE4BC3+484211]
	GetHandleVerifier [0x00FE3E69+480793]
	Ordinal0 [0x00F0218D+2105741]
	Ordinal0 [0x00F066E8+2123496]
	Ordinal0 [0x00F06827+2123815]
	Ordinal0 [0x00F0FB73+2161523]
	BaseThreadInitThunk [0x76F8FA29+25]
	RtlGetAppContainerNamedObjectPath [0x77567A7E+286]
	RtlGetAppContainerNamedObjectPath [0x77567A4E+238]

	at java.base/jdk.internal.reflect.NativeConstructorAccessorImpl.newInstance0(Native Method)
	at java.base/jdk.internal.reflect.NativeConstructorAccessorImpl.newInstance(Unknown Source)
	at java.base/jdk.internal.reflect.DelegatingConstructorAccessorImpl.newInstance(Unknown Source)
	at java.base/java.lang.reflect.Constructor.newInstance(Unknown Source)
	at org.openqa.selenium.remote.W3CHandshakeResponse.lambda$errorHandler$0(W3CHandshakeResponse.java:62)
	at org.openqa.selenium.remote.HandshakeResponse.lambda$getResponseFunction$0(HandshakeResponse.java:30)
	at org.openqa.selenium.remote.ProtocolHandshake.lambda$createSession$0(ProtocolHandshake.java:126)
	at java.base/java.util.stream.ReferencePipeline$3$1.accept(Unknown Source)
	at java.base/java.util.Spliterators$ArraySpliterator.tryAdvance(Unknown Source)
	at java.base/java.util.stream.ReferencePipeline.forEachWithCancel(Unknown Source)
	at java.base/java.util.stream.AbstractPipeline.copyIntoWithCancel(Unknown Source)
	at java.base/java.util.stream.AbstractPipeline.copyInto(Unknown Source)
	at java.base/java.util.stream.AbstractPipeline.wrapAndCopyInto(Unknown Source)
	at java.base/java.util.stream.FindOps$FindOp.evaluateSequential(Unknown Source)
	at java.base/java.util.stream.AbstractPipeline.evaluate(Unknown Source)
	at java.base/java.util.stream.ReferencePipeline.findFirst(Unknown Source)
	at org.openqa.selenium.remote.ProtocolHandshake.createSession(ProtocolHandshake.java:128)
	at org.openqa.selenium.remote.ProtocolHandshake.createSession(ProtocolHandshake.java:74)
	at org.openqa.selenium.remote.HttpCommandExecutor.execute(HttpCommandExecutor.java:136)
	at org.openqa.selenium.remote.service.DriverCommandExecutor.execute(DriverCommandExecutor.java:83)
	at org.openqa.selenium.remote.RemoteWebDriver.execute(RemoteWebDriver.java:552)
	at org.openqa.selenium.remote.RemoteWebDriver.startSession(RemoteWebDriver.java:213)
	at org.openqa.selenium.remote.RemoteWebDriver.&lt;init&gt;(RemoteWebDriver.java:131)
	at org.openqa.selenium.chrome.ChromeDriver.&lt;init&gt;(ChromeDriver.java:181)
	at org.openqa.selenium.chrome.ChromeDriver.&lt;init&gt;(ChromeDriver.java:168)
	at org.openqa.selenium.chrome.ChromeDriver.&lt;init&gt;(ChromeDriver.java:157)
	at Demo.Automation.Utilities.BrowserFactory.StartApp(BrowserFactory.java:48)
	at Demo.Automation.Pages.BasePage.setup(BasePage.java:72)
	at java.base/jdk.internal.reflect.NativeMethodAccessorImpl.invoke0(Native Method)
	at java.base/jdk.internal.reflect.NativeMethodAccessorImpl.invoke(Unknown Source)
	at java.base/jdk.internal.reflect.DelegatingMethodAccessorImpl.invoke(Unknown Source)
	at java.base/java.lang.reflect.Method.invoke(Unknown Source)
	at org.testng.internal.MethodInvocationHelper.invokeMethod(MethodInvocationHelper.java:80)
	at org.testng.internal.Invoker.invokeConfigurationMethod(Invoker.java:564)
	at org.testng.internal.Invoker.invokeConfigurations(Invoker.java:213)
	at org.testng.internal.Invoker.invokeMethod(Invoker.java:653)
	at org.testng.internal.Invoker.invokeTestMethod(Invoker.java:901)
	at org.testng.internal.Invoker.invokeTestMethods(Invoker.java:1231)
	at org.testng.internal.TestMethodWorker.invokeTestMethods(TestMethodWorker.java:127)
	at org.testng.internal.TestMethodWorker.run(TestMethodWorker.java:111)
	at org.testng.TestRunner.privateRun(TestRunner.java:767)
	at org.testng.TestRunner.run(TestRunner.java:617)
	at org.testng.SuiteRunner.runTest(SuiteRunner.java:334)
	at org.testng.SuiteRunner.runSequentially(SuiteRunner.java:329)
	at org.testng.SuiteRunner.privateRun(SuiteRunner.java:291)
	at org.testng.SuiteRunner.run(SuiteRunner.java:240)
	at org.testng.SuiteRunnerWorker.runSuite(SuiteRunnerWorker.java:52)
	at org.testng.SuiteRunnerWorker.run(SuiteRunnerWorker.java:86)
	at org.testng.TestNG.runSuitesSequentially(TestNG.java:1198)
	at org.testng.TestNG.runSuitesLocally(TestNG.java:1123)
	at org.testng.TestNG.run(TestNG.java:1031)
	at org.testng.remote.AbstractRemoteTestNG.run(AbstractRemoteTestNG.java:115)
	at org.testng.remote.RemoteTestNG.initAndRun(RemoteTestNG.java:251)
	at org.testng.remote.RemoteTestNG.main(RemoteTestNG.java:77)
</pre></div><a href='#' onClick='toggleBox("stack-trace1674403916", this, "Click to show all stack frames", "Click to hide stack frames")'>Click to show all stack frames</a>
<div class='stack-trace' id='stack-trace1674403916'><pre>org.openqa.selenium.SessionNotCreatedException: session not created: This version of ChromeDriver only supports Chrome version 91
Current browser version is 93.0.4577.63 with binary path C:\Program Files (x86)\Google\Chrome\Application\chrome.exe
Build info: version: &apos;3.141.59&apos;, revision: &apos;e82be7d358&apos;, time: &apos;2018-11-14T08:17:03&apos;
System info: host: &apos;DESKTOP-DA9MCF7&apos;, ip: &apos;192.168.0.105&apos;, os.name: &apos;Windows 10&apos;, os.arch: &apos;amd64&apos;, os.version: &apos;10.0&apos;, java.version: &apos;9.0.4&apos;
Driver info: driver.version: ChromeDriver
remote stacktrace: Backtrace:
	Ordinal0 [0x00F63733+2504499]
	Ordinal0 [0x00EFC401+2081793]
	Ordinal0 [0x00E02628+1058344]
	Ordinal0 [0x00E2071A+1181466]
	Ordinal0 [0x00E1C58C+1164684]
	Ordinal0 [0x00E19DC3+1154499]
	Ordinal0 [0x00E49B82+1350530]
	Ordinal0 [0x00E497DA+1349594]
	Ordinal0 [0x00E45D4B+1334603]
	Ordinal0 [0x00E222B4+1188532]
	Ordinal0 [0x00E23149+1192265]
	GetHandleVerifier [0x010DFB8C+1512252]
	GetHandleVerifier [0x0118B0DF+2214031]
	GetHandleVerifier [0x00FE4BC3+484211]
	GetHandleVerifier [0x00FE3E69+480793]
	Ordinal0 [0x00F0218D+2105741]
	Ordinal0 [0x00F066E8+2123496]
	Ordinal0 [0x00F06827+2123815]
	Ordinal0 [0x00F0FB73+2161523]
	BaseThreadInitThunk [0x76F8FA29+25]
	RtlGetAppContainerNamedObjectPath [0x77567A7E+286]
	RtlGetAppContainerNamedObjectPath [0x77567A4E+238]

	at java.base/jdk.internal.reflect.NativeConstructorAccessorImpl.newInstance0(Native Method)
	at java.base/jdk.internal.reflect.NativeConstructorAccessorImpl.newInstance(Unknown Source)
	at java.base/jdk.internal.reflect.DelegatingConstructorAccessorImpl.newInstance(Unknown Source)
	at java.base/java.lang.reflect.Constructor.newInstance(Unknown Source)
	at org.openqa.selenium.remote.W3CHandshakeResponse.lambda$errorHandler$0(W3CHandshakeResponse.java:62)
	at org.openqa.selenium.remote.HandshakeResponse.lambda$getResponseFunction$0(HandshakeResponse.java:30)
	at org.openqa.selenium.remote.ProtocolHandshake.lambda$createSession$0(ProtocolHandshake.java:126)
	at java.base/java.util.stream.ReferencePipeline$3$1.accept(Unknown Source)
	at java.base/java.util.Spliterators$ArraySpliterator.tryAdvance(Unknown Source)
	at java.base/java.util.stream.ReferencePipeline.forEachWithCancel(Unknown Source)
	at java.base/java.util.stream.AbstractPipeline.copyIntoWithCancel(Unknown Source)
	at java.base/java.util.stream.AbstractPipeline.copyInto(Unknown Source)
	at java.base/java.util.stream.AbstractPipeline.wrapAndCopyInto(Unknown Source)
	at java.base/java.util.stream.FindOps$FindOp.evaluateSequential(Unknown Source)
	at java.base/java.util.stream.AbstractPipeline.evaluate(Unknown Source)
	at java.base/java.util.stream.ReferencePipeline.findFirst(Unknown Source)
	at org.openqa.selenium.remote.ProtocolHandshake.createSession(ProtocolHandshake.java:128)
	at org.openqa.selenium.remote.ProtocolHandshake.createSession(ProtocolHandshake.java:74)
	at org.openqa.selenium.remote.HttpCommandExecutor.execute(HttpCommandExecutor.java:136)
	at org.openqa.selenium.remote.service.DriverCommandExecutor.execute(DriverCommandExecutor.java:83)
	at org.openqa.selenium.remote.RemoteWebDriver.execute(RemoteWebDriver.java:552)
	at org.openqa.selenium.remote.RemoteWebDriver.startSession(RemoteWebDriver.java:213)
	at org.openqa.selenium.remote.RemoteWebDriver.&lt;init&gt;(RemoteWebDriver.java:131)
	at org.openqa.selenium.chrome.ChromeDriver.&lt;init&gt;(ChromeDriver.java:181)
	at org.openqa.selenium.chrome.ChromeDriver.&lt;init&gt;(ChromeDriver.java:168)
	at org.openqa.selenium.chrome.ChromeDriver.&lt;init&gt;(ChromeDriver.java:157)
	at Demo.Automation.Utilities.BrowserFactory.StartApp(BrowserFactory.java:48)
	at Demo.Automation.Pages.BasePage.setup(BasePage.java:72)
	at java.base/jdk.internal.reflect.NativeMethodAccessorImpl.invoke0(Native Method)
	at java.base/jdk.internal.reflect.NativeMethodAccessorImpl.invoke(Unknown Source)
	at java.base/jdk.internal.reflect.DelegatingMethodAccessorImpl.invoke(Unknown Source)
	at java.base/java.lang.reflect.Method.invoke(Unknown Source)
	at org.testng.internal.MethodInvocationHelper.invokeMethod(MethodInvocationHelper.java:80)
	at org.testng.internal.Invoker.invokeConfigurationMethod(Invoker.java:564)
	at org.testng.internal.Invoker.invokeConfigurations(Invoker.java:213)
	at org.testng.internal.Invoker.invokeMethod(Invoker.java:653)
	at org.testng.internal.Invoker.invokeTestMethod(Invoker.java:901)
	at org.testng.internal.Invoker.invokeTestMethods(Invoker.java:1231)
	at org.testng.internal.TestMethodWorker.invokeTestMethods(TestMethodWorker.java:127)
	at org.testng.internal.TestMethodWorker.run(TestMethodWorker.java:111)
	at org.testng.TestRunner.privateRun(TestRunner.java:767)
	at org.testng.TestRunner.run(TestRunner.java:617)
	at org.testng.SuiteRunner.runTest(SuiteRunner.java:334)
	at org.testng.SuiteRunner.runSequentially(SuiteRunner.java:329)
	at org.testng.SuiteRunner.privateRun(SuiteRunner.java:291)
	at org.testng.SuiteRunner.run(SuiteRunner.java:240)
	at org.testng.SuiteRunnerWorker.runSuite(SuiteRunnerWorker.java:52)
	at org.testng.SuiteRunnerWorker.run(SuiteRunnerWorker.java:86)
	at org.testng.TestNG.runSuitesSequentially(TestNG.java:1198)
	at org.testng.TestNG.runSuitesLocally(TestNG.java:1123)
	at org.testng.TestNG.run(TestNG.java:1031)
	at org.testng.remote.AbstractRemoteTestNG.run(AbstractRemoteTestNG.java:115)
	at org.testng.remote.RemoteTestNG.initAndRun(RemoteTestNG.java:251)
	at org.testng.remote.RemoteTestNG.main(RemoteTestNG.java:77)
</pre></div></td>
<td>0</td>
<td>Demo.Automation.Tests.Tests@1b919693</td></tr>
</table><p>
<table width='100%' border='1' class='invocation-skipped'>
<tr><td colspan='4' align='center'><b>SKIPPED CONFIGURATIONS</b></td></tr>
<tr><td><b>Test method</b></td>
<td width="30%"><b>Exception</b></td>
<td width="10%"><b>Time (seconds)</b></td>
<td><b>Instance</b></td>
</tr>
<tr>
<td title='Demo.Automation.Tests.Tests.setup()'><b>setup</b><br>Test class: Demo.Automation.Tests.Tests</td>
<td></td>
<td>0</td>
<td>Demo.Automation.Tests.Tests@1b919693</td></tr>
<tr>
<td title='Demo.Automation.Tests.Tests.setup()'><b>setup</b><br>Test class: Demo.Automation.Tests.Tests</td>
<td></td>
<td>0</td>
<td>Demo.Automation.Tests.Tests@1b919693</td></tr>
<tr>
<td title='Demo.Automation.Tests.Tests.setup()'><b>setup</b><br>Test class: Demo.Automation.Tests.Tests</td>
<td></td>
<td>0</td>
<td>Demo.Automation.Tests.Tests@1b919693</td></tr>
<tr>
<td title='Demo.Automation.Tests.Tests.setup()'><b>setup</b><br>Test class: Demo.Automation.Tests.Tests</td>
<td></td>
<td>0</td>
<td>Demo.Automation.Tests.Tests@1b919693</td></tr>
<tr>
<td title='Demo.Automation.Tests.Tests.setup()'><b>setup</b><br>Test class: Demo.Automation.Tests.Tests</td>
<td></td>
<td>0</td>
<td>Demo.Automation.Tests.Tests@1b919693</td></tr>
<tr>
<td title='Demo.Automation.Tests.Tests.setup()'><b>setup</b><br>Test class: Demo.Automation.Tests.Tests</td>
<td></td>
<td>0</td>
<td>Demo.Automation.Tests.Tests@1b919693</td></tr>
<tr>
<td title='Demo.Automation.Tests.Tests.tearDown()'><b>tearDown</b><br>Test class: Demo.Automation.Tests.Tests</td>
<td></td>
<td>0</td>
<td>Demo.Automation.Tests.Tests@1b919693</td></tr>
<tr>
<td title='Demo.Automation.Tests.Tests.tearDown()'><b>tearDown</b><br>Test class: Demo.Automation.Tests.Tests</td>
<td></td>
<td>0</td>
<td>Demo.Automation.Tests.Tests@1b919693</td></tr>
<tr>
<td title='Demo.Automation.Tests.Tests.tearDown()'><b>tearDown</b><br>Test class: Demo.Automation.Tests.Tests</td>
<td></td>
<td>0</td>
<td>Demo.Automation.Tests.Tests@1b919693</td></tr>
<tr>
<td title='Demo.Automation.Tests.Tests.tearDown()'><b>tearDown</b><br>Test class: Demo.Automation.Tests.Tests</td>
<td></td>
<td>0</td>
<td>Demo.Automation.Tests.Tests@1b919693</td></tr>
<tr>
<td title='Demo.Automation.Tests.Tests.tearDown()'><b>tearDown</b><br>Test class: Demo.Automation.Tests.Tests</td>
<td></td>
<td>0</td>
<td>Demo.Automation.Tests.Tests@1b919693</td></tr>
<tr>
<td title='Demo.Automation.Tests.Tests.tearDown()'><b>tearDown</b><br>Test class: Demo.Automation.Tests.Tests</td>
<td></td>
<td>0</td>
<td>Demo.Automation.Tests.Tests@1b919693</td></tr>
<tr>
<td title='Demo.Automation.Tests.Tests.tearDown()'><b>tearDown</b><br>Test class: Demo.Automation.Tests.Tests</td>
<td></td>
<td>0</td>
<td>Demo.Automation.Tests.Tests@1b919693</td></tr>
</table><p>
<table width='100%' border='1' class='invocation-skipped'>
<tr><td colspan='4' align='center'><b>SKIPPED TESTS</b></td></tr>
<tr><td><b>Test method</b></td>
<td width="30%"><b>Exception</b></td>
<td width="10%"><b>Time (seconds)</b></td>
<td><b>Instance</b></td>
</tr>
<tr>
<td title='Demo.Automation.Tests.Tests.Bad_credentials_login()'><b>Bad_credentials_login</b><br>Test class: Demo.Automation.Tests.Tests</td>
<td></td>
<td>0</td>
<td>Demo.Automation.Tests.Tests@1b919693</td></tr>
<tr>
<td title='Demo.Automation.Tests.Tests.Empty_credentials_login()'><b>Empty_credentials_login</b><br>Test class: Demo.Automation.Tests.Tests</td>
<td></td>
<td>0</td>
<td>Demo.Automation.Tests.Tests@1b919693</td></tr>
<tr>
<td title='Demo.Automation.Tests.Tests.Empty_email_login()'><b>Empty_email_login</b><br>Test class: Demo.Automation.Tests.Tests</td>
<td></td>
<td>0</td>
<td>Demo.Automation.Tests.Tests@1b919693</td></tr>
<tr>
<td title='Demo.Automation.Tests.Tests.Empty_password_login()'><b>Empty_password_login</b><br>Test class: Demo.Automation.Tests.Tests</td>
<td></td>
<td>0</td>
<td>Demo.Automation.Tests.Tests@1b919693</td></tr>
<tr>
<td title='Demo.Automation.Tests.Tests.Successful_Resetpassword()'><b>Successful_Resetpassword</b><br>Test class: Demo.Automation.Tests.Tests</td>
<td></td>
<td>0</td>
<td>Demo.Automation.Tests.Tests@1b919693</td></tr>
<tr>
<td title='Demo.Automation.Tests.Tests.Successful_login()'><b>Successful_login</b><br>Test class: Demo.Automation.Tests.Tests</td>
<td></td>
<td>0</td>
<td>Demo.Automation.Tests.Tests@1b919693</td></tr>
<tr>
<td title='Demo.Automation.Tests.Tests.Unsuccessful_Resetpassword()'><b>Unsuccessful_Resetpassword</b><br>Test class: Demo.Automation.Tests.Tests</td>
<td></td>
<td>0</td>
<td>Demo.Automation.Tests.Tests@1b919693</td></tr>
</table><p>
</body>
</html>